2021-06-24 09:26:25.857  INFO 26040 --- [main] com.example.demo.DemoApplication         : Starting DemoApplication using Java 15.0.2 on LTIN312525 with PID 26040 (C:\Users\2011289\eclipse-workspace\demo\demo\target\classes started by 2011289 in C:\Users\2011289\eclipse-workspace\demo\demo)
2021-06-24 09:26:25.860  INFO 26040 --- [main] com.example.demo.DemoApplication         : No active profile set, falling back to default profiles: default
2021-06-24 09:26:26.578  INFO 26040 --- [main] .s.d.r.c.RepositoryConfigurationDelegate : Bootstrapping Spring Data JPA repositories in DEFAULT mode.
2021-06-24 09:26:26.684  INFO 26040 --- [main] .s.d.r.c.RepositoryConfigurationDelegate : Finished Spring Data repository scanning in 91 ms. Found 3 JPA repository interfaces.
2021-06-24 09:26:27.779  INFO 26040 --- [main] o.s.b.w.embedded.tomcat.TomcatWebServer  : Tomcat initialized with port(s): 8082 (http)
2021-06-24 09:26:27.795  INFO 26040 --- [main] o.apache.catalina.core.StandardService   : Starting service [Tomcat]
2021-06-24 09:26:27.796  INFO 26040 --- [main] org.apache.catalina.core.StandardEngine  : Starting Servlet engine: [Apache Tomcat/9.0.46]
2021-06-24 09:26:27.942  INFO 26040 --- [main] o.a.c.c.C.[Tomcat].[localhost].[/]       : Initializing Spring embedded WebApplicationContext
2021-06-24 09:26:27.942  INFO 26040 --- [main] w.s.c.ServletWebServerApplicationContext : Root WebApplicationContext: initialization completed in 2020 ms
2021-06-24 09:26:28.056  INFO 26040 --- [main] com.zaxxer.hikari.HikariDataSource       : HikariPool-1 - Starting...
2021-06-24 09:26:28.432  INFO 26040 --- [main] com.zaxxer.hikari.HikariDataSource       : HikariPool-1 - Start completed.
2021-06-24 09:26:28.531  INFO 26040 --- [main] o.hibernate.jpa.internal.util.LogHelper  : HHH000204: Processing PersistenceUnitInfo [name: default]
2021-06-24 09:26:28.611  INFO 26040 --- [main] org.hibernate.Version                    : HHH000412: Hibernate ORM core version 5.4.32.Final
2021-06-24 09:26:28.803  INFO 26040 --- [main] o.hibernate.annotations.common.Version   : HCANN000001: Hibernate Commons Annotations {5.1.2.Final}
2021-06-24 09:26:28.965  INFO 26040 --- [main] org.hibernate.dialect.Dialect            : HHH000400: Using dialect: org.hibernate.dialect.MySQL5Dialect
2021-06-24 09:26:29.961  INFO 26040 --- [main] o.h.e.t.j.p.i.JtaPlatformInitiator       : HHH000490: Using JtaPlatform implementation: [org.hibernate.engine.transaction.jta.platform.internal.NoJtaPlatform]
2021-06-24 09:26:29.970  INFO 26040 --- [main] j.LocalContainerEntityManagerFactoryBean : Initialized JPA EntityManagerFactory for persistence unit 'default'
2021-06-24 09:26:30.725  WARN 26040 --- [main] JpaBaseConfiguration$JpaWebConfiguration : spring.jpa.open-in-view is enabled by default. Therefore, database queries may be performed during view rendering. Explicitly configure spring.jpa.open-in-view to disable this warning
2021-06-24 09:26:32.531  INFO 26040 --- [main] o.s.b.w.embedded.tomcat.TomcatWebServer  : Tomcat started on port(s): 8082 (http) with context path ''
2021-06-24 09:26:32.543  INFO 26040 --- [main] com.example.demo.DemoApplication         : Started DemoApplication in 7.19 seconds (JVM running for 7.711)
2021-06-24 09:26:36.041  INFO 26040 --- [http-nio-8082-exec-2] o.a.c.c.C.[Tomcat].[localhost].[/]       : Initializing Spring DispatcherServlet 'dispatcherServlet'
2021-06-24 09:26:36.041  INFO 26040 --- [http-nio-8082-exec-2] o.s.web.servlet.DispatcherServlet        : Initializing Servlet 'dispatcherServlet'
2021-06-24 09:26:36.042  INFO 26040 --- [http-nio-8082-exec-2] o.s.web.servlet.DispatcherServlet        : Completed initialization in 1 ms
2021-06-24 09:26:36.078  INFO 26040 --- [http-nio-8082-exec-2] c.example.controller.StudentController   : String= ramya
2021-06-24 09:26:36.147  INFO 26040 --- [http-nio-8082-exec-2] c.example.controller.StudentController   : studentResponseList= [StudentResponse(id=1, firstName=Ramya, lastName=Ramar, email=Ramya_ramar@gmail.com, street=Hppy Street, city=Pune, learningSubjects=[])]
2021-06-24 11:12:27.285  WARN 26040 --- [HikariPool-1 housekeeper] com.zaxxer.hikari.pool.HikariPool        : HikariPool-1 - Thread starvation or clock leap detected (housekeeper delta=42m28s649ms754µs100ns).
2021-06-24 12:25:27.488  INFO 16340 --- [main] com.example.demo.DemoApplication         : Starting DemoApplication using Java 15.0.2 on LTIN312525 with PID 16340 (C:\Users\2011289\eclipse-workspace\demo\demo\target\classes started by 2011289 in C:\Users\2011289\eclipse-workspace\demo\demo)
2021-06-24 12:25:27.491  INFO 16340 --- [main] com.example.demo.DemoApplication         : No active profile set, falling back to default profiles: default
2021-06-24 12:25:28.157  INFO 16340 --- [main] .s.d.r.c.RepositoryConfigurationDelegate : Bootstrapping Spring Data JPA repositories in DEFAULT mode.
2021-06-24 12:25:28.244  INFO 16340 --- [main] .s.d.r.c.RepositoryConfigurationDelegate : Finished Spring Data repository scanning in 72 ms. Found 3 JPA repository interfaces.
2021-06-24 12:25:29.493  INFO 16340 --- [main] o.s.b.w.embedded.tomcat.TomcatWebServer  : Tomcat initialized with port(s): 8082 (http)
2021-06-24 12:25:29.507  INFO 16340 --- [main] o.apache.catalina.core.StandardService   : Starting service [Tomcat]
2021-06-24 12:25:29.508  INFO 16340 --- [main] org.apache.catalina.core.StandardEngine  : Starting Servlet engine: [Apache Tomcat/9.0.46]
2021-06-24 12:25:29.644  INFO 16340 --- [main] o.a.c.c.C.[Tomcat].[localhost].[/]       : Initializing Spring embedded WebApplicationContext
2021-06-24 12:25:29.644  INFO 16340 --- [main] w.s.c.ServletWebServerApplicationContext : Root WebApplicationContext: initialization completed in 2097 ms
2021-06-24 12:25:29.773  INFO 16340 --- [main] com.zaxxer.hikari.HikariDataSource       : HikariPool-1 - Starting...
2021-06-24 12:25:30.137  INFO 16340 --- [main] com.zaxxer.hikari.HikariDataSource       : HikariPool-1 - Start completed.
2021-06-24 12:25:30.238  INFO 16340 --- [main] o.hibernate.jpa.internal.util.LogHelper  : HHH000204: Processing PersistenceUnitInfo [name: default]
2021-06-24 12:25:30.310  INFO 16340 --- [main] org.hibernate.Version                    : HHH000412: Hibernate ORM core version 5.4.32.Final
2021-06-24 12:25:30.487  INFO 16340 --- [main] o.hibernate.annotations.common.Version   : HCANN000001: Hibernate Commons Annotations {5.1.2.Final}
2021-06-24 12:25:30.622  INFO 16340 --- [main] org.hibernate.dialect.Dialect            : HHH000400: Using dialect: org.hibernate.dialect.MySQL5Dialect
2021-06-24 12:25:31.576  INFO 16340 --- [main] o.h.e.t.j.p.i.JtaPlatformInitiator       : HHH000490: Using JtaPlatform implementation: [org.hibernate.engine.transaction.jta.platform.internal.NoJtaPlatform]
2021-06-24 12:25:31.585  INFO 16340 --- [main] j.LocalContainerEntityManagerFactoryBean : Initialized JPA EntityManagerFactory for persistence unit 'default'
2021-06-24 12:25:32.460  WARN 16340 --- [main] JpaBaseConfiguration$JpaWebConfiguration : spring.jpa.open-in-view is enabled by default. Therefore, database queries may be performed during view rendering. Explicitly configure spring.jpa.open-in-view to disable this warning
2021-06-24 12:25:34.574  INFO 16340 --- [main] o.s.b.w.embedded.tomcat.TomcatWebServer  : Tomcat started on port(s): 8082 (http) with context path ''
2021-06-24 12:25:34.583  INFO 16340 --- [main] com.example.demo.DemoApplication         : Started DemoApplication in 7.538 seconds (JVM running for 8.005)
2021-06-24 12:29:43.245  INFO 16340 --- [http-nio-8082-exec-1] o.a.c.c.C.[Tomcat].[localhost].[/]       : Initializing Spring DispatcherServlet 'dispatcherServlet'
2021-06-24 12:29:43.245  INFO 16340 --- [http-nio-8082-exec-1] o.s.web.servlet.DispatcherServlet        : Initializing Servlet 'dispatcherServlet'
2021-06-24 12:29:43.246  INFO 16340 --- [http-nio-8082-exec-1] o.s.web.servlet.DispatcherServlet        : Completed initialization in 0 ms
2021-06-24 12:29:43.288  INFO 16340 --- [http-nio-8082-exec-1] tConfig$$EnhancerBySpringCGLIB$$ddd9245a : Inside before advice
2021-06-24 12:29:43.393  INFO 16340 --- [http-nio-8082-exec-1] c.example.controller.StudentController   : studentResponseList= [StudentResponse(id=1, firstName=Ramya, lastName=Ramar, email=Ramya_ramar@gmail.com, street=Hppy Street, city=Pune, learningSubjects=[])]
2021-06-24 13:08:07.967  INFO 24704 --- [main] com.example.demo.DemoApplication         : Starting DemoApplication using Java 15.0.2 on LTIN312525 with PID 24704 (C:\Users\2011289\eclipse-workspace\demo\demo\target\classes started by 2011289 in C:\Users\2011289\eclipse-workspace\demo\demo)
2021-06-24 13:08:07.969  INFO 24704 --- [main] com.example.demo.DemoApplication         : No active profile set, falling back to default profiles: default
2021-06-24 13:08:08.661  INFO 24704 --- [main] .s.d.r.c.RepositoryConfigurationDelegate : Bootstrapping Spring Data JPA repositories in DEFAULT mode.
2021-06-24 13:08:08.751  INFO 24704 --- [main] .s.d.r.c.RepositoryConfigurationDelegate : Finished Spring Data repository scanning in 74 ms. Found 3 JPA repository interfaces.
2021-06-24 13:08:10.043  INFO 24704 --- [main] o.s.b.w.embedded.tomcat.TomcatWebServer  : Tomcat initialized with port(s): 8082 (http)
2021-06-24 13:08:10.054  INFO 24704 --- [main] o.apache.catalina.core.StandardService   : Starting service [Tomcat]
2021-06-24 13:08:10.055  INFO 24704 --- [main] org.apache.catalina.core.StandardEngine  : Starting Servlet engine: [Apache Tomcat/9.0.46]
2021-06-24 13:08:10.180  INFO 24704 --- [main] o.a.c.c.C.[Tomcat].[localhost].[/]       : Initializing Spring embedded WebApplicationContext
2021-06-24 13:08:10.181  INFO 24704 --- [main] w.s.c.ServletWebServerApplicationContext : Root WebApplicationContext: initialization completed in 2147 ms
2021-06-24 13:08:10.320  INFO 24704 --- [main] com.zaxxer.hikari.HikariDataSource       : HikariPool-1 - Starting...
2021-06-24 13:08:10.737  INFO 24704 --- [main] com.zaxxer.hikari.HikariDataSource       : HikariPool-1 - Start completed.
2021-06-24 13:08:10.844  INFO 24704 --- [main] o.hibernate.jpa.internal.util.LogHelper  : HHH000204: Processing PersistenceUnitInfo [name: default]
2021-06-24 13:08:10.919  INFO 24704 --- [main] org.hibernate.Version                    : HHH000412: Hibernate ORM core version 5.4.32.Final
2021-06-24 13:08:11.121  INFO 24704 --- [main] o.hibernate.annotations.common.Version   : HCANN000001: Hibernate Commons Annotations {5.1.2.Final}
2021-06-24 13:08:11.313  INFO 24704 --- [main] org.hibernate.dialect.Dialect            : HHH000400: Using dialect: org.hibernate.dialect.MySQL5Dialect
2021-06-24 13:08:12.470  INFO 24704 --- [main] o.h.e.t.j.p.i.JtaPlatformInitiator       : HHH000490: Using JtaPlatform implementation: [org.hibernate.engine.transaction.jta.platform.internal.NoJtaPlatform]
2021-06-24 13:08:12.479  INFO 24704 --- [main] j.LocalContainerEntityManagerFactoryBean : Initialized JPA EntityManagerFactory for persistence unit 'default'
2021-06-24 13:08:13.452  WARN 24704 --- [main] JpaBaseConfiguration$JpaWebConfiguration : spring.jpa.open-in-view is enabled by default. Therefore, database queries may be performed during view rendering. Explicitly configure spring.jpa.open-in-view to disable this warning
2021-06-24 13:08:15.581  INFO 24704 --- [main] o.s.b.w.embedded.tomcat.TomcatWebServer  : Tomcat started on port(s): 8082 (http) with context path ''
2021-06-24 13:08:15.591  INFO 24704 --- [main] com.example.demo.DemoApplication         : Started DemoApplication in 8.892 seconds (JVM running for 9.366)
2021-06-24 13:08:21.321  INFO 24704 --- [http-nio-8082-exec-1] o.a.c.c.C.[Tomcat].[localhost].[/]       : Initializing Spring DispatcherServlet 'dispatcherServlet'
2021-06-24 13:08:21.322  INFO 24704 --- [http-nio-8082-exec-1] o.s.web.servlet.DispatcherServlet        : Initializing Servlet 'dispatcherServlet'
2021-06-24 13:08:21.323  INFO 24704 --- [http-nio-8082-exec-1] o.s.web.servlet.DispatcherServlet        : Completed initialization in 1 ms
2021-06-24 13:08:21.370  INFO 24704 --- [http-nio-8082-exec-1] tConfig$$EnhancerBySpringCGLIB$$b7fc29d7 : Request = ramya
2021-06-24 13:08:21.461  INFO 24704 --- [http-nio-8082-exec-1] c.example.controller.StudentController   : studentResponseList= [StudentResponse(id=1, firstName=Ramya, lastName=Ramar, email=Ramya_ramar@gmail.com, street=Hppy Street, city=Pune, learningSubjects=[])]
2021-06-24 13:08:57.224  INFO 24704 --- [http-nio-8082-exec-2] tConfig$$EnhancerBySpringCGLIB$$b7fc29d7 : Request = ramya
2021-06-24 13:08:57.252  INFO 24704 --- [http-nio-8082-exec-2] c.example.controller.StudentController   : studentResponseList= [StudentResponse(id=1, firstName=Ramya, lastName=Ramar, email=Ramya_ramar@gmail.com, street=Hppy Street, city=Pune, learningSubjects=[])]
2021-06-24 13:12:09.109  INFO 14704 --- [main] com.example.demo.DemoApplication         : Starting DemoApplication using Java 15.0.2 on LTIN312525 with PID 14704 (C:\Users\2011289\eclipse-workspace\demo\demo\target\classes started by 2011289 in C:\Users\2011289\eclipse-workspace\demo\demo)
2021-06-24 13:12:09.111  INFO 14704 --- [main] com.example.demo.DemoApplication         : No active profile set, falling back to default profiles: default
2021-06-24 13:12:09.775  INFO 14704 --- [main] .s.d.r.c.RepositoryConfigurationDelegate : Bootstrapping Spring Data JPA repositories in DEFAULT mode.
2021-06-24 13:12:09.866  INFO 14704 --- [main] .s.d.r.c.RepositoryConfigurationDelegate : Finished Spring Data repository scanning in 77 ms. Found 3 JPA repository interfaces.
2021-06-24 13:12:11.148  INFO 14704 --- [main] o.s.b.w.embedded.tomcat.TomcatWebServer  : Tomcat initialized with port(s): 8082 (http)
2021-06-24 13:12:11.167  INFO 14704 --- [main] o.apache.catalina.core.StandardService   : Starting service [Tomcat]
2021-06-24 13:12:11.167  INFO 14704 --- [main] org.apache.catalina.core.StandardEngine  : Starting Servlet engine: [Apache Tomcat/9.0.46]
2021-06-24 13:12:11.317  INFO 14704 --- [main] o.a.c.c.C.[Tomcat].[localhost].[/]       : Initializing Spring embedded WebApplicationContext
2021-06-24 13:12:11.318  INFO 14704 --- [main] w.s.c.ServletWebServerApplicationContext : Root WebApplicationContext: initialization completed in 2149 ms
2021-06-24 13:12:11.457  INFO 14704 --- [main] com.zaxxer.hikari.HikariDataSource       : HikariPool-1 - Starting...
2021-06-24 13:12:11.847  INFO 14704 --- [main] com.zaxxer.hikari.HikariDataSource       : HikariPool-1 - Start completed.
2021-06-24 13:12:11.950  INFO 14704 --- [main] o.hibernate.jpa.internal.util.LogHelper  : HHH000204: Processing PersistenceUnitInfo [name: default]
2021-06-24 13:12:12.018  INFO 14704 --- [main] org.hibernate.Version                    : HHH000412: Hibernate ORM core version 5.4.32.Final
2021-06-24 13:12:12.215  INFO 14704 --- [main] o.hibernate.annotations.common.Version   : HCANN000001: Hibernate Commons Annotations {5.1.2.Final}
2021-06-24 13:12:12.388  INFO 14704 --- [main] org.hibernate.dialect.Dialect            : HHH000400: Using dialect: org.hibernate.dialect.MySQL5Dialect
2021-06-24 13:12:13.405  INFO 14704 --- [main] o.h.e.t.j.p.i.JtaPlatformInitiator       : HHH000490: Using JtaPlatform implementation: [org.hibernate.engine.transaction.jta.platform.internal.NoJtaPlatform]
2021-06-24 13:12:13.414  INFO 14704 --- [main] j.LocalContainerEntityManagerFactoryBean : Initialized JPA EntityManagerFactory for persistence unit 'default'
2021-06-24 13:12:14.335  WARN 14704 --- [main] JpaBaseConfiguration$JpaWebConfiguration : spring.jpa.open-in-view is enabled by default. Therefore, database queries may be performed during view rendering. Explicitly configure spring.jpa.open-in-view to disable this warning
2021-06-24 13:12:16.405  INFO 14704 --- [main] o.s.b.w.embedded.tomcat.TomcatWebServer  : Tomcat started on port(s): 8082 (http) with context path ''
2021-06-24 13:12:16.416  INFO 14704 --- [main] com.example.demo.DemoApplication         : Started DemoApplication in 7.751 seconds (JVM running for 8.219)
2021-06-24 13:13:02.274  INFO 14704 --- [http-nio-8082-exec-1] o.a.c.c.C.[Tomcat].[localhost].[/]       : Initializing Spring DispatcherServlet 'dispatcherServlet'
2021-06-24 13:13:02.275  INFO 14704 --- [http-nio-8082-exec-1] o.s.web.servlet.DispatcherServlet        : Initializing Servlet 'dispatcherServlet'
2021-06-24 13:13:02.276  INFO 14704 --- [http-nio-8082-exec-1] o.s.web.servlet.DispatcherServlet        : Completed initialization in 1 ms
2021-06-24 13:13:02.322  INFO 14704 --- [http-nio-8082-exec-1] tConfig$$EnhancerBySpringCGLIB$$65b808c3 : Request = ramya
2021-06-24 13:13:47.821  INFO 14704 --- [http-nio-8082-exec-2] tConfig$$EnhancerBySpringCGLIB$$65b808c3 : Request = ramya
2021-06-24 13:14:29.548  INFO 14704 --- [http-nio-8082-exec-3] tConfig$$EnhancerBySpringCGLIB$$65b808c3 : Request = thilaga
2021-06-24 13:16:01.340  INFO 2664 --- [main] com.example.demo.DemoApplication         : Starting DemoApplication using Java 15.0.2 on LTIN312525 with PID 2664 (C:\Users\2011289\eclipse-workspace\demo\demo\target\classes started by 2011289 in C:\Users\2011289\eclipse-workspace\demo\demo)
2021-06-24 13:16:01.342  INFO 2664 --- [main] com.example.demo.DemoApplication         : No active profile set, falling back to default profiles: default
2021-06-24 13:16:02.031  INFO 2664 --- [main] .s.d.r.c.RepositoryConfigurationDelegate : Bootstrapping Spring Data JPA repositories in DEFAULT mode.
2021-06-24 13:16:02.107  INFO 2664 --- [main] .s.d.r.c.RepositoryConfigurationDelegate : Finished Spring Data repository scanning in 64 ms. Found 3 JPA repository interfaces.
2021-06-24 13:16:03.238  INFO 2664 --- [main] o.s.b.w.embedded.tomcat.TomcatWebServer  : Tomcat initialized with port(s): 8082 (http)
2021-06-24 13:16:03.251  INFO 2664 --- [main] o.apache.catalina.core.StandardService   : Starting service [Tomcat]
2021-06-24 13:16:03.251  INFO 2664 --- [main] org.apache.catalina.core.StandardEngine  : Starting Servlet engine: [Apache Tomcat/9.0.46]
2021-06-24 13:16:03.379  INFO 2664 --- [main] o.a.c.c.C.[Tomcat].[localhost].[/]       : Initializing Spring embedded WebApplicationContext
2021-06-24 13:16:03.379  INFO 2664 --- [main] w.s.c.ServletWebServerApplicationContext : Root WebApplicationContext: initialization completed in 1976 ms
2021-06-24 13:16:03.518  INFO 2664 --- [main] com.zaxxer.hikari.HikariDataSource       : HikariPool-1 - Starting...
2021-06-24 13:16:03.928  INFO 2664 --- [main] com.zaxxer.hikari.HikariDataSource       : HikariPool-1 - Start completed.
2021-06-24 13:16:04.025  INFO 2664 --- [main] o.hibernate.jpa.internal.util.LogHelper  : HHH000204: Processing PersistenceUnitInfo [name: default]
2021-06-24 13:16:04.099  INFO 2664 --- [main] org.hibernate.Version                    : HHH000412: Hibernate ORM core version 5.4.32.Final
2021-06-24 13:16:04.275  INFO 2664 --- [main] o.hibernate.annotations.common.Version   : HCANN000001: Hibernate Commons Annotations {5.1.2.Final}
2021-06-24 13:16:04.418  INFO 2664 --- [main] org.hibernate.dialect.Dialect            : HHH000400: Using dialect: org.hibernate.dialect.MySQL5Dialect
2021-06-24 13:16:05.373  INFO 2664 --- [main] o.h.e.t.j.p.i.JtaPlatformInitiator       : HHH000490: Using JtaPlatform implementation: [org.hibernate.engine.transaction.jta.platform.internal.NoJtaPlatform]
2021-06-24 13:16:05.383  INFO 2664 --- [main] j.LocalContainerEntityManagerFactoryBean : Initialized JPA EntityManagerFactory for persistence unit 'default'
2021-06-24 13:16:06.272  WARN 2664 --- [main] JpaBaseConfiguration$JpaWebConfiguration : spring.jpa.open-in-view is enabled by default. Therefore, database queries may be performed during view rendering. Explicitly configure spring.jpa.open-in-view to disable this warning
2021-06-24 13:16:08.474  INFO 2664 --- [main] o.s.b.w.embedded.tomcat.TomcatWebServer  : Tomcat started on port(s): 8082 (http) with context path ''
2021-06-24 13:16:08.483  INFO 2664 --- [main] com.example.demo.DemoApplication         : Started DemoApplication in 7.584 seconds (JVM running for 8.052)
2021-06-24 13:16:09.491  INFO 2664 --- [http-nio-8082-exec-1] o.a.c.c.C.[Tomcat].[localhost].[/]       : Initializing Spring DispatcherServlet 'dispatcherServlet'
2021-06-24 13:16:09.491  INFO 2664 --- [http-nio-8082-exec-1] o.s.web.servlet.DispatcherServlet        : Initializing Servlet 'dispatcherServlet'
2021-06-24 13:16:09.492  INFO 2664 --- [http-nio-8082-exec-1] o.s.web.servlet.DispatcherServlet        : Completed initialization in 1 ms
2021-06-24 13:16:09.539  INFO 2664 --- [http-nio-8082-exec-1] tConfig$$EnhancerBySpringCGLIB$$507b6c06 : Request = thilaga
2021-06-24 13:16:09.540  INFO 2664 --- [http-nio-8082-exec-1] tConfig$$EnhancerBySpringCGLIB$$507b6c06 : Request = ramar
2021-06-24 13:19:43.576  INFO 25356 --- [main] com.example.demo.DemoApplication         : Starting DemoApplication using Java 15.0.2 on LTIN312525 with PID 25356 (C:\Users\2011289\eclipse-workspace\demo\demo\target\classes started by 2011289 in C:\Users\2011289\eclipse-workspace\demo\demo)
2021-06-24 13:19:43.579  INFO 25356 --- [main] com.example.demo.DemoApplication         : No active profile set, falling back to default profiles: default
2021-06-24 13:19:44.235  INFO 25356 --- [main] .s.d.r.c.RepositoryConfigurationDelegate : Bootstrapping Spring Data JPA repositories in DEFAULT mode.
2021-06-24 13:19:44.305  INFO 25356 --- [main] .s.d.r.c.RepositoryConfigurationDelegate : Finished Spring Data repository scanning in 57 ms. Found 3 JPA repository interfaces.
2021-06-24 13:19:45.593  INFO 25356 --- [main] o.s.b.w.embedded.tomcat.TomcatWebServer  : Tomcat initialized with port(s): 8082 (http)
2021-06-24 13:19:45.608  INFO 25356 --- [main] o.apache.catalina.core.StandardService   : Starting service [Tomcat]
2021-06-24 13:19:45.609  INFO 25356 --- [main] org.apache.catalina.core.StandardEngine  : Starting Servlet engine: [Apache Tomcat/9.0.46]
2021-06-24 13:19:45.754  INFO 25356 --- [main] o.a.c.c.C.[Tomcat].[localhost].[/]       : Initializing Spring embedded WebApplicationContext
2021-06-24 13:19:45.755  INFO 25356 --- [main] w.s.c.ServletWebServerApplicationContext : Root WebApplicationContext: initialization completed in 2117 ms
2021-06-24 13:19:45.908  INFO 25356 --- [main] com.zaxxer.hikari.HikariDataSource       : HikariPool-1 - Starting...
2021-06-24 13:19:46.380  INFO 25356 --- [main] com.zaxxer.hikari.HikariDataSource       : HikariPool-1 - Start completed.
2021-06-24 13:19:46.485  INFO 25356 --- [main] o.hibernate.jpa.internal.util.LogHelper  : HHH000204: Processing PersistenceUnitInfo [name: default]
2021-06-24 13:19:46.561  INFO 25356 --- [main] org.hibernate.Version                    : HHH000412: Hibernate ORM core version 5.4.32.Final
2021-06-24 13:19:46.760  INFO 25356 --- [main] o.hibernate.annotations.common.Version   : HCANN000001: Hibernate Commons Annotations {5.1.2.Final}
2021-06-24 13:19:46.914  INFO 25356 --- [main] org.hibernate.dialect.Dialect            : HHH000400: Using dialect: org.hibernate.dialect.MySQL5Dialect
2021-06-24 13:19:47.992  INFO 25356 --- [main] o.h.e.t.j.p.i.JtaPlatformInitiator       : HHH000490: Using JtaPlatform implementation: [org.hibernate.engine.transaction.jta.platform.internal.NoJtaPlatform]
2021-06-24 13:19:48.008  INFO 25356 --- [main] j.LocalContainerEntityManagerFactoryBean : Initialized JPA EntityManagerFactory for persistence unit 'default'
2021-06-24 13:19:49.073  WARN 25356 --- [main] JpaBaseConfiguration$JpaWebConfiguration : spring.jpa.open-in-view is enabled by default. Therefore, database queries may be performed during view rendering. Explicitly configure spring.jpa.open-in-view to disable this warning
2021-06-24 13:19:51.033  INFO 25356 --- [main] o.s.b.w.embedded.tomcat.TomcatWebServer  : Tomcat started on port(s): 8082 (http) with context path ''
2021-06-24 13:19:51.044  INFO 25356 --- [main] com.example.demo.DemoApplication         : Started DemoApplication in 7.907 seconds (JVM running for 8.381)
2021-06-24 13:20:01.800  INFO 25356 --- [http-nio-8082-exec-1] o.a.c.c.C.[Tomcat].[localhost].[/]       : Initializing Spring DispatcherServlet 'dispatcherServlet'
2021-06-24 13:20:01.801  INFO 25356 --- [http-nio-8082-exec-1] o.s.web.servlet.DispatcherServlet        : Initializing Servlet 'dispatcherServlet'
2021-06-24 13:20:01.802  INFO 25356 --- [http-nio-8082-exec-1] o.s.web.servlet.DispatcherServlet        : Completed initialization in 1 ms
2021-06-24 13:20:01.846  INFO 25356 --- [http-nio-8082-exec-1] tConfig$$EnhancerBySpringCGLIB$$65b808c3 : Request = thilaga
2021-06-24 13:20:01.846  INFO 25356 --- [http-nio-8082-exec-1] tConfig$$EnhancerBySpringCGLIB$$65b808c3 : Request = ramar
2021-06-24 13:20:01.932  INFO 25356 --- [http-nio-8082-exec-1] tConfig$$EnhancerBySpringCGLIB$$65b808c3 : Request = thilaga
2021-06-24 13:20:01.932  INFO 25356 --- [http-nio-8082-exec-1] tConfig$$EnhancerBySpringCGLIB$$65b808c3 : Request = ramar
2021-06-24 13:31:22.231  INFO 3264 --- [main] com.example.demo.DemoApplication         : Starting DemoApplication using Java 15.0.2 on LTIN312525 with PID 3264 (C:\Users\2011289\eclipse-workspace\demo\demo\target\classes started by 2011289 in C:\Users\2011289\eclipse-workspace\demo\demo)
2021-06-24 13:31:22.234  INFO 3264 --- [main] com.example.demo.DemoApplication         : No active profile set, falling back to default profiles: default
2021-06-24 13:31:22.903  INFO 3264 --- [main] .s.d.r.c.RepositoryConfigurationDelegate : Bootstrapping Spring Data JPA repositories in DEFAULT mode.
2021-06-24 13:31:22.990  INFO 3264 --- [main] .s.d.r.c.RepositoryConfigurationDelegate : Finished Spring Data repository scanning in 75 ms. Found 3 JPA repository interfaces.
2021-06-24 13:31:24.178  INFO 3264 --- [main] o.s.b.w.embedded.tomcat.TomcatWebServer  : Tomcat initialized with port(s): 8082 (http)
2021-06-24 13:31:24.194  INFO 3264 --- [main] o.apache.catalina.core.StandardService   : Starting service [Tomcat]
2021-06-24 13:31:24.194  INFO 3264 --- [main] org.apache.catalina.core.StandardEngine  : Starting Servlet engine: [Apache Tomcat/9.0.46]
2021-06-24 13:31:24.330  INFO 3264 --- [main] o.a.c.c.C.[Tomcat].[localhost].[/]       : Initializing Spring embedded WebApplicationContext
2021-06-24 13:31:24.330  INFO 3264 --- [main] w.s.c.ServletWebServerApplicationContext : Root WebApplicationContext: initialization completed in 2033 ms
2021-06-24 13:31:24.457  INFO 3264 --- [main] com.zaxxer.hikari.HikariDataSource       : HikariPool-1 - Starting...
2021-06-24 13:31:24.843  INFO 3264 --- [main] com.zaxxer.hikari.HikariDataSource       : HikariPool-1 - Start completed.
2021-06-24 13:31:24.936  INFO 3264 --- [main] o.hibernate.jpa.internal.util.LogHelper  : HHH000204: Processing PersistenceUnitInfo [name: default]
2021-06-24 13:31:24.998  INFO 3264 --- [main] org.hibernate.Version                    : HHH000412: Hibernate ORM core version 5.4.32.Final
2021-06-24 13:31:25.174  INFO 3264 --- [main] o.hibernate.annotations.common.Version   : HCANN000001: Hibernate Commons Annotations {5.1.2.Final}
2021-06-24 13:31:25.313  INFO 3264 --- [main] org.hibernate.dialect.Dialect            : HHH000400: Using dialect: org.hibernate.dialect.MySQL5Dialect
2021-06-24 13:31:26.217  INFO 3264 --- [main] o.h.e.t.j.p.i.JtaPlatformInitiator       : HHH000490: Using JtaPlatform implementation: [org.hibernate.engine.transaction.jta.platform.internal.NoJtaPlatform]
2021-06-24 13:31:26.226  INFO 3264 --- [main] j.LocalContainerEntityManagerFactoryBean : Initialized JPA EntityManagerFactory for persistence unit 'default'
2021-06-24 13:31:27.158  WARN 3264 --- [main] JpaBaseConfiguration$JpaWebConfiguration : spring.jpa.open-in-view is enabled by default. Therefore, database queries may be performed during view rendering. Explicitly configure spring.jpa.open-in-view to disable this warning
2021-06-24 13:31:28.927  INFO 3264 --- [main] o.s.b.w.embedded.tomcat.TomcatWebServer  : Tomcat started on port(s): 8082 (http) with context path ''
2021-06-24 13:31:28.938  INFO 3264 --- [main] com.example.demo.DemoApplication         : Started DemoApplication in 7.134 seconds (JVM running for 7.596)
2021-06-24 13:31:39.111  INFO 3264 --- [http-nio-8082-exec-2] o.a.c.c.C.[Tomcat].[localhost].[/]       : Initializing Spring DispatcherServlet 'dispatcherServlet'
2021-06-24 13:31:39.112  INFO 3264 --- [http-nio-8082-exec-2] o.s.web.servlet.DispatcherServlet        : Initializing Servlet 'dispatcherServlet'
2021-06-24 13:31:39.113  INFO 3264 --- [http-nio-8082-exec-2] o.s.web.servlet.DispatcherServlet        : Completed initialization in 1 ms
2021-06-24 13:31:39.156  INFO 3264 --- [http-nio-8082-exec-2] tConfig$$EnhancerBySpringCGLIB$$ae4751f2 : Request = thilaga
2021-06-24 13:31:39.157  INFO 3264 --- [http-nio-8082-exec-2] tConfig$$EnhancerBySpringCGLIB$$ae4751f2 : Request = ramar
2021-06-24 13:33:49.709  INFO 4268 --- [main] com.example.demo.DemoApplication         : Starting DemoApplication using Java 15.0.2 on LTIN312525 with PID 4268 (C:\Users\2011289\eclipse-workspace\demo\demo\target\classes started by 2011289 in C:\Users\2011289\eclipse-workspace\demo\demo)
2021-06-24 13:33:49.712  INFO 4268 --- [main] com.example.demo.DemoApplication         : No active profile set, falling back to default profiles: default
2021-06-24 13:33:50.425  INFO 4268 --- [main] .s.d.r.c.RepositoryConfigurationDelegate : Bootstrapping Spring Data JPA repositories in DEFAULT mode.
2021-06-24 13:33:50.512  INFO 4268 --- [main] .s.d.r.c.RepositoryConfigurationDelegate : Finished Spring Data repository scanning in 73 ms. Found 3 JPA repository interfaces.
2021-06-24 13:33:51.134  WARN 4268 --- [main] ConfigServletWebServerApplicationContext : Exception encountered during context initialization - cancelling refresh attempt: org.springframework.beans.factory.BeanCreationException: Error creating bean with name 'projectingArgumentResolverBeanPostProcessor' defined in class path resource [org/springframework/data/web/config/ProjectingArgumentResolverRegistrar.class]: BeanPostProcessor before instantiation of bean failed; nested exception is org.springframework.beans.factory.BeanCreationException: Error creating bean with name 'org.springframework.transaction.annotation.ProxyTransactionManagementConfiguration': BeanPostProcessor before instantiation of bean failed; nested exception is java.lang.IllegalArgumentException: Returning name ' returningObject' is neither a valid argument name nor the fully-qualified name of a Java type on the classpath. Root cause: java.lang.ClassNotFoundException:  returningObject
2021-06-24 13:33:51.156  INFO 4268 --- [main] ConditionEvaluationReportLoggingListener : 

Error starting ApplicationContext. To display the conditions report re-run your application with 'debug' enabled.
2021-06-24 13:33:51.193 ERROR 4268 --- [main] o.s.boot.SpringApplication               : Application run failed

org.springframework.beans.factory.BeanCreationException: Error creating bean with name 'projectingArgumentResolverBeanPostProcessor' defined in class path resource [org/springframework/data/web/config/ProjectingArgumentResolverRegistrar.class]: BeanPostProcessor before instantiation of bean failed; nested exception is org.springframework.beans.factory.BeanCreationException: Error creating bean with name 'org.springframework.transaction.annotation.ProxyTransactionManagementConfiguration': BeanPostProcessor before instantiation of bean failed; nested exception is java.lang.IllegalArgumentException: Returning name ' returningObject' is neither a valid argument name nor the fully-qualified name of a Java type on the classpath. Root cause: java.lang.ClassNotFoundException:  returningObject
	at org.springframework.beans.factory.support.AbstractAutowireCapableBeanFactory.createBean(AbstractAutowireCapableBeanFactory.java:519) ~[spring-beans-5.3.8.jar:5.3.8]
	at org.springframework.beans.factory.support.AbstractBeanFactory.lambda$doGetBean$0(AbstractBeanFactory.java:335) ~[spring-beans-5.3.8.jar:5.3.8]
	at org.springframework.beans.factory.support.DefaultSingletonBeanRegistry.getSingleton(DefaultSingletonBeanRegistry.java:234) ~[spring-beans-5.3.8.jar:5.3.8]
	at org.springframework.beans.factory.support.AbstractBeanFactory.doGetBean(AbstractBeanFactory.java:333) ~[spring-beans-5.3.8.jar:5.3.8]
	at org.springframework.beans.factory.support.AbstractBeanFactory.getBean(AbstractBeanFactory.java:213) ~[spring-beans-5.3.8.jar:5.3.8]
	at org.springframework.context.support.PostProcessorRegistrationDelegate.registerBeanPostProcessors(PostProcessorRegistrationDelegate.java:270) ~[spring-context-5.3.8.jar:5.3.8]
	at org.springframework.context.support.AbstractApplicationContext.registerBeanPostProcessors(AbstractApplicationContext.java:762) ~[spring-context-5.3.8.jar:5.3.8]
	at org.springframework.context.support.AbstractApplicationContext.refresh(AbstractApplicationContext.java:567) ~[spring-context-5.3.8.jar:5.3.8]
	at org.springframework.boot.web.servlet.context.ServletWebServerApplicationContext.refresh(ServletWebServerApplicationContext.java:145) ~[spring-boot-2.5.1.jar:2.5.1]
	at org.springframework.boot.SpringApplication.refresh(SpringApplication.java:754) ~[spring-boot-2.5.1.jar:2.5.1]
	at org.springframework.boot.SpringApplication.refreshContext(SpringApplication.java:434) ~[spring-boot-2.5.1.jar:2.5.1]
	at org.springframework.boot.SpringApplication.run(SpringApplication.java:338) ~[spring-boot-2.5.1.jar:2.5.1]
	at org.springframework.boot.SpringApplication.run(SpringApplication.java:1343) ~[spring-boot-2.5.1.jar:2.5.1]
	at org.springframework.boot.SpringApplication.run(SpringApplication.java:1332) ~[spring-boot-2.5.1.jar:2.5.1]
	at com.example.demo.DemoApplication.main(DemoApplication.java:20) ~[classes/:na]
Caused by: org.springframework.beans.factory.BeanCreationException: Error creating bean with name 'org.springframework.transaction.annotation.ProxyTransactionManagementConfiguration': BeanPostProcessor before instantiation of bean failed; nested exception is java.lang.IllegalArgumentException: Returning name ' returningObject' is neither a valid argument name nor the fully-qualified name of a Java type on the classpath. Root cause: java.lang.ClassNotFoundException:  returningObject
	at org.springframework.beans.factory.support.AbstractAutowireCapableBeanFactory.createBean(AbstractAutowireCapableBeanFactory.java:519) ~[spring-beans-5.3.8.jar:5.3.8]
	at org.springframework.beans.factory.support.AbstractBeanFactory.lambda$doGetBean$0(AbstractBeanFactory.java:335) ~[spring-beans-5.3.8.jar:5.3.8]
	at org.springframework.beans.factory.support.DefaultSingletonBeanRegistry.getSingleton(DefaultSingletonBeanRegistry.java:234) ~[spring-beans-5.3.8.jar:5.3.8]
	at org.springframework.beans.factory.support.AbstractBeanFactory.doGetBean(AbstractBeanFactory.java:333) ~[spring-beans-5.3.8.jar:5.3.8]
	at org.springframework.beans.factory.support.AbstractBeanFactory.getBean(AbstractBeanFactory.java:208) ~[spring-beans-5.3.8.jar:5.3.8]
	at org.springframework.beans.factory.support.ConstructorResolver.instantiateUsingFactoryMethod(ConstructorResolver.java:410) ~[spring-beans-5.3.8.jar:5.3.8]
	at org.springframework.beans.factory.support.AbstractAutowireCapableBeanFactory.instantiateUsingFactoryMethod(AbstractAutowireCapableBeanFactory.java:1334) ~[spring-beans-5.3.8.jar:5.3.8]
	at org.springframework.beans.factory.support.AbstractAutowireCapableBeanFactory.createBeanInstance(AbstractAutowireCapableBeanFactory.java:1177) ~[spring-beans-5.3.8.jar:5.3.8]
	at org.springframework.beans.factory.support.AbstractAutowireCapableBeanFactory.doCreateBean(AbstractAutowireCapableBeanFactory.java:564) ~[spring-beans-5.3.8.jar:5.3.8]
	at org.springframework.beans.factory.support.AbstractAutowireCapableBeanFactory.createBean(AbstractAutowireCapableBeanFactory.java:524) ~[spring-beans-5.3.8.jar:5.3.8]
	at org.springframework.beans.factory.support.AbstractBeanFactory.lambda$doGetBean$0(AbstractBeanFactory.java:335) ~[spring-beans-5.3.8.jar:5.3.8]
	at org.springframework.beans.factory.support.DefaultSingletonBeanRegistry.getSingleton(DefaultSingletonBeanRegistry.java:234) ~[spring-beans-5.3.8.jar:5.3.8]
	at org.springframework.beans.factory.support.AbstractBeanFactory.doGetBean(AbstractBeanFactory.java:333) ~[spring-beans-5.3.8.jar:5.3.8]
	at org.springframework.beans.factory.support.AbstractBeanFactory.getBean(AbstractBeanFactory.java:213) ~[spring-beans-5.3.8.jar:5.3.8]
	at org.springframework.aop.framework.autoproxy.BeanFactoryAdvisorRetrievalHelper.findAdvisorBeans(BeanFactoryAdvisorRetrievalHelper.java:91) ~[spring-aop-5.3.8.jar:5.3.8]
	at org.springframework.aop.framework.autoproxy.AbstractAdvisorAutoProxyCreator.findCandidateAdvisors(AbstractAdvisorAutoProxyCreator.java:111) ~[spring-aop-5.3.8.jar:5.3.8]
	at org.springframework.aop.aspectj.annotation.AnnotationAwareAspectJAutoProxyCreator.findCandidateAdvisors(AnnotationAwareAspectJAutoProxyCreator.java:92) ~[spring-aop-5.3.8.jar:5.3.8]
	at org.springframework.aop.aspectj.autoproxy.AspectJAwareAdvisorAutoProxyCreator.shouldSkip(AspectJAwareAdvisorAutoProxyCreator.java:101) ~[spring-aop-5.3.8.jar:5.3.8]
	at org.springframework.aop.framework.autoproxy.AbstractAutoProxyCreator.postProcessBeforeInstantiation(AbstractAutoProxyCreator.java:252) ~[spring-aop-5.3.8.jar:5.3.8]
	at org.springframework.beans.factory.support.AbstractAutowireCapableBeanFactory.applyBeanPostProcessorsBeforeInstantiation(AbstractAutowireCapableBeanFactory.java:1142) ~[spring-beans-5.3.8.jar:5.3.8]
	at org.springframework.beans.factory.support.AbstractAutowireCapableBeanFactory.resolveBeforeInstantiation(AbstractAutowireCapableBeanFactory.java:1117) ~[spring-beans-5.3.8.jar:5.3.8]
	at org.springframework.beans.factory.support.AbstractAutowireCapableBeanFactory.createBean(AbstractAutowireCapableBeanFactory.java:513) ~[spring-beans-5.3.8.jar:5.3.8]
	... 14 common frames omitted
Caused by: java.lang.IllegalArgumentException: Returning name ' returningObject' is neither a valid argument name nor the fully-qualified name of a Java type on the classpath. Root cause: java.lang.ClassNotFoundException:  returningObject
	at org.springframework.aop.aspectj.AbstractAspectJAdvice.setReturningNameNoCheck(AbstractAspectJAdvice.java:307) ~[spring-aop-5.3.8.jar:5.3.8]
	at org.springframework.aop.aspectj.AspectJAfterReturningAdvice.setReturningName(AspectJAfterReturningAdvice.java:60) ~[spring-aop-5.3.8.jar:5.3.8]
	at org.springframework.aop.aspectj.annotation.ReflectiveAspectJAdvisorFactory.getAdvice(ReflectiveAspectJAdvisorFactory.java:286) ~[spring-aop-5.3.8.jar:5.3.8]
	at org.springframework.aop.aspectj.annotation.InstantiationModelAwarePointcutAdvisorImpl.instantiateAdvice(InstantiationModelAwarePointcutAdvisorImpl.java:149) ~[spring-aop-5.3.8.jar:5.3.8]
	at org.springframework.aop.aspectj.annotation.InstantiationModelAwarePointcutAdvisorImpl.<init>(InstantiationModelAwarePointcutAdvisorImpl.java:113) ~[spring-aop-5.3.8.jar:5.3.8]
	at org.springframework.aop.aspectj.annotation.ReflectiveAspectJAdvisorFactory.getAdvisor(ReflectiveAspectJAdvisorFactory.java:213) ~[spring-aop-5.3.8.jar:5.3.8]
	at org.springframework.aop.aspectj.annotation.ReflectiveAspectJAdvisorFactory.getAdvisors(ReflectiveAspectJAdvisorFactory.java:144) ~[spring-aop-5.3.8.jar:5.3.8]
	at org.springframework.aop.aspectj.annotation.BeanFactoryAspectJAdvisorsBuilder.buildAspectJAdvisors(BeanFactoryAspectJAdvisorsBuilder.java:110) ~[spring-aop-5.3.8.jar:5.3.8]
	at org.springframework.aop.aspectj.annotation.AnnotationAwareAspectJAutoProxyCreator.findCandidateAdvisors(AnnotationAwareAspectJAutoProxyCreator.java:95) ~[spring-aop-5.3.8.jar:5.3.8]
	at org.springframework.aop.aspectj.autoproxy.AspectJAwareAdvisorAutoProxyCreator.shouldSkip(AspectJAwareAdvisorAutoProxyCreator.java:101) ~[spring-aop-5.3.8.jar:5.3.8]
	at org.springframework.aop.framework.autoproxy.AbstractAutoProxyCreator.postProcessBeforeInstantiation(AbstractAutoProxyCreator.java:252) ~[spring-aop-5.3.8.jar:5.3.8]
	at org.springframework.beans.factory.support.AbstractAutowireCapableBeanFactory.applyBeanPostProcessorsBeforeInstantiation(AbstractAutowireCapableBeanFactory.java:1142) ~[spring-beans-5.3.8.jar:5.3.8]
	at org.springframework.beans.factory.support.AbstractAutowireCapableBeanFactory.resolveBeforeInstantiation(AbstractAutowireCapableBeanFactory.java:1117) ~[spring-beans-5.3.8.jar:5.3.8]
	at org.springframework.beans.factory.support.AbstractAutowireCapableBeanFactory.createBean(AbstractAutowireCapableBeanFactory.java:513) ~[spring-beans-5.3.8.jar:5.3.8]
	... 35 common frames omitted

2021-06-24 13:37:55.556  INFO 15020 --- [main] com.example.demo.DemoApplication         : Starting DemoApplication using Java 15.0.2 on LTIN312525 with PID 15020 (C:\Users\2011289\eclipse-workspace\demo\demo\target\classes started by 2011289 in C:\Users\2011289\eclipse-workspace\demo\demo)
2021-06-24 13:37:55.560  INFO 15020 --- [main] com.example.demo.DemoApplication         : No active profile set, falling back to default profiles: default
2021-06-24 13:37:56.253  INFO 15020 --- [main] .s.d.r.c.RepositoryConfigurationDelegate : Bootstrapping Spring Data JPA repositories in DEFAULT mode.
2021-06-24 13:37:56.337  INFO 15020 --- [main] .s.d.r.c.RepositoryConfigurationDelegate : Finished Spring Data repository scanning in 71 ms. Found 3 JPA repository interfaces.
2021-06-24 13:37:57.511  INFO 15020 --- [main] o.s.b.w.embedded.tomcat.TomcatWebServer  : Tomcat initialized with port(s): 8082 (http)
2021-06-24 13:37:57.526  INFO 15020 --- [main] o.apache.catalina.core.StandardService   : Starting service [Tomcat]
2021-06-24 13:37:57.527  INFO 15020 --- [main] org.apache.catalina.core.StandardEngine  : Starting Servlet engine: [Apache Tomcat/9.0.46]
2021-06-24 13:37:57.662  INFO 15020 --- [main] o.a.c.c.C.[Tomcat].[localhost].[/]       : Initializing Spring embedded WebApplicationContext
2021-06-24 13:37:57.663  INFO 15020 --- [main] w.s.c.ServletWebServerApplicationContext : Root WebApplicationContext: initialization completed in 2038 ms
2021-06-24 13:37:57.791  INFO 15020 --- [main] com.zaxxer.hikari.HikariDataSource       : HikariPool-1 - Starting...
2021-06-24 13:37:58.184  INFO 15020 --- [main] com.zaxxer.hikari.HikariDataSource       : HikariPool-1 - Start completed.
2021-06-24 13:37:58.279  INFO 15020 --- [main] o.hibernate.jpa.internal.util.LogHelper  : HHH000204: Processing PersistenceUnitInfo [name: default]
2021-06-24 13:37:58.350  INFO 15020 --- [main] org.hibernate.Version                    : HHH000412: Hibernate ORM core version 5.4.32.Final
2021-06-24 13:37:58.527  INFO 15020 --- [main] o.hibernate.annotations.common.Version   : HCANN000001: Hibernate Commons Annotations {5.1.2.Final}
2021-06-24 13:37:58.664  INFO 15020 --- [main] org.hibernate.dialect.Dialect            : HHH000400: Using dialect: org.hibernate.dialect.MySQL5Dialect
2021-06-24 13:37:59.624  INFO 15020 --- [main] o.h.e.t.j.p.i.JtaPlatformInitiator       : HHH000490: Using JtaPlatform implementation: [org.hibernate.engine.transaction.jta.platform.internal.NoJtaPlatform]
2021-06-24 13:37:59.634  INFO 15020 --- [main] j.LocalContainerEntityManagerFactoryBean : Initialized JPA EntityManagerFactory for persistence unit 'default'
2021-06-24 13:38:00.496  WARN 15020 --- [main] JpaBaseConfiguration$JpaWebConfiguration : spring.jpa.open-in-view is enabled by default. Therefore, database queries may be performed during view rendering. Explicitly configure spring.jpa.open-in-view to disable this warning
2021-06-24 13:38:02.294  INFO 15020 --- [main] o.s.b.w.embedded.tomcat.TomcatWebServer  : Tomcat started on port(s): 8082 (http) with context path ''
2021-06-24 13:38:02.303  INFO 15020 --- [main] com.example.demo.DemoApplication         : Started DemoApplication in 7.221 seconds (JVM running for 7.696)
2021-06-24 13:38:53.462  INFO 15020 --- [http-nio-8082-exec-1] o.a.c.c.C.[Tomcat].[localhost].[/]       : Initializing Spring DispatcherServlet 'dispatcherServlet'
2021-06-24 13:38:53.463  INFO 15020 --- [http-nio-8082-exec-1] o.s.web.servlet.DispatcherServlet        : Initializing Servlet 'dispatcherServlet'
2021-06-24 13:38:53.464  INFO 15020 --- [http-nio-8082-exec-1] o.s.web.servlet.DispatcherServlet        : Completed initialization in 1 ms
2021-06-24 13:38:53.478  WARN 15020 --- [http-nio-8082-exec-1] .w.s.m.s.DefaultHandlerExceptionResolver : Resolved [org.springframework.web.HttpRequestMethodNotSupportedException: Request method 'POST' not supported]
2021-06-24 13:39:00.320  INFO 15020 --- [http-nio-8082-exec-2] tConfig$$EnhancerBySpringCGLIB$$a71018be : Request = ramya
2021-06-24 13:39:00.320  INFO 15020 --- [http-nio-8082-exec-2] tConfig$$EnhancerBySpringCGLIB$$a71018be : response = [StudentResponse(id=1, firstName=Ramya, lastName=Ramar, email=Ramya_ramar@gmail.com, street=Hppy Street, city=Pune, learningSubjects=[])]
2021-06-24 14:02:57.587  INFO 18428 --- [main] com.example.demo.DemoApplication         : Starting DemoApplication using Java 15.0.2 on LTIN312525 with PID 18428 (C:\Users\2011289\eclipse-workspace\demo\demo\target\classes started by 2011289 in C:\Users\2011289\eclipse-workspace\demo\demo)
2021-06-24 14:02:57.590  INFO 18428 --- [main] com.example.demo.DemoApplication         : No active profile set, falling back to default profiles: default
2021-06-24 14:02:58.256  INFO 18428 --- [main] .s.d.r.c.RepositoryConfigurationDelegate : Bootstrapping Spring Data JPA repositories in DEFAULT mode.
2021-06-24 14:02:58.343  INFO 18428 --- [main] .s.d.r.c.RepositoryConfigurationDelegate : Finished Spring Data repository scanning in 74 ms. Found 3 JPA repository interfaces.
2021-06-24 14:02:59.610  INFO 18428 --- [main] o.s.b.w.embedded.tomcat.TomcatWebServer  : Tomcat initialized with port(s): 8082 (http)
2021-06-24 14:02:59.627  INFO 18428 --- [main] o.apache.catalina.core.StandardService   : Starting service [Tomcat]
2021-06-24 14:02:59.628  INFO 18428 --- [main] org.apache.catalina.core.StandardEngine  : Starting Servlet engine: [Apache Tomcat/9.0.46]
2021-06-24 14:02:59.776  INFO 18428 --- [main] o.a.c.c.C.[Tomcat].[localhost].[/]       : Initializing Spring embedded WebApplicationContext
2021-06-24 14:02:59.777  INFO 18428 --- [main] w.s.c.ServletWebServerApplicationContext : Root WebApplicationContext: initialization completed in 2124 ms
2021-06-24 14:02:59.907  INFO 18428 --- [main] com.zaxxer.hikari.HikariDataSource       : HikariPool-1 - Starting...
2021-06-24 14:03:00.351  INFO 18428 --- [main] com.zaxxer.hikari.HikariDataSource       : HikariPool-1 - Start completed.
2021-06-24 14:03:00.462  INFO 18428 --- [main] o.hibernate.jpa.internal.util.LogHelper  : HHH000204: Processing PersistenceUnitInfo [name: default]
2021-06-24 14:03:00.537  INFO 18428 --- [main] org.hibernate.Version                    : HHH000412: Hibernate ORM core version 5.4.32.Final
2021-06-24 14:03:00.739  INFO 18428 --- [main] o.hibernate.annotations.common.Version   : HCANN000001: Hibernate Commons Annotations {5.1.2.Final}
2021-06-24 14:03:00.884  INFO 18428 --- [main] org.hibernate.dialect.Dialect            : HHH000400: Using dialect: org.hibernate.dialect.MySQL5Dialect
2021-06-24 14:03:01.934  INFO 18428 --- [main] o.h.e.t.j.p.i.JtaPlatformInitiator       : HHH000490: Using JtaPlatform implementation: [org.hibernate.engine.transaction.jta.platform.internal.NoJtaPlatform]
2021-06-24 14:03:01.943  INFO 18428 --- [main] j.LocalContainerEntityManagerFactoryBean : Initialized JPA EntityManagerFactory for persistence unit 'default'
2021-06-24 14:03:02.854  WARN 18428 --- [main] JpaBaseConfiguration$JpaWebConfiguration : spring.jpa.open-in-view is enabled by default. Therefore, database queries may be performed during view rendering. Explicitly configure spring.jpa.open-in-view to disable this warning
2021-06-24 14:03:04.822  INFO 18428 --- [main] o.s.b.w.embedded.tomcat.TomcatWebServer  : Tomcat started on port(s): 8082 (http) with context path ''
2021-06-24 14:03:04.831  INFO 18428 --- [main] com.example.demo.DemoApplication         : Started DemoApplication in 7.679 seconds (JVM running for 8.139)
2021-06-24 14:03:09.971  INFO 18428 --- [http-nio-8082-exec-2] o.a.c.c.C.[Tomcat].[localhost].[/]       : Initializing Spring DispatcherServlet 'dispatcherServlet'
2021-06-24 14:03:09.972  INFO 18428 --- [http-nio-8082-exec-2] o.s.web.servlet.DispatcherServlet        : Initializing Servlet 'dispatcherServlet'
2021-06-24 14:03:09.973  INFO 18428 --- [http-nio-8082-exec-2] o.s.web.servlet.DispatcherServlet        : Completed initialization in 1 ms
2021-06-24 14:03:10.013  INFO 18428 --- [http-nio-8082-exec-2] tConfig$$EnhancerBySpringCGLIB$$ddd9245a : Request = ramya
2021-06-24 14:03:10.119  INFO 18428 --- [http-nio-8082-exec-2] tConfig$$EnhancerBySpringCGLIB$$ddd9245a : response = [StudentResponse(id=1, firstName=Ramya, lastName=Ramar, email=Ramya_ramar@gmail.com, street=Hppy Street, city=Pune, learningSubjects=[])]
2021-06-24 14:03:26.884  INFO 18428 --- [http-nio-8082-exec-1] tConfig$$EnhancerBySpringCGLIB$$ddd9245a : Request = ramya
2021-06-24 14:03:26.894  INFO 18428 --- [http-nio-8082-exec-1] tConfig$$EnhancerBySpringCGLIB$$ddd9245a : response = [StudentResponse(id=1, firstName=Ramya, lastName=Ramar, email=Ramya_ramar@gmail.com, street=Hppy Street, city=Pune, learningSubjects=[])]
2021-06-24 14:03:52.742  INFO 18428 --- [http-nio-8082-exec-5] tConfig$$EnhancerBySpringCGLIB$$ddd9245a : Request = Thilaga
2021-06-24 14:03:52.752  INFO 18428 --- [http-nio-8082-exec-5] tConfig$$EnhancerBySpringCGLIB$$ddd9245a : response = [StudentResponse(id=2, firstName=Thilaga, lastName=Ramar, email=Thilaga_ramar@gmail.com, street=fafulous Street, city=haryana, learningSubjects=[])]
2021-06-24 14:40:55.751  INFO 10508 --- [main] com.example.demo.DemoApplication         : Starting DemoApplication using Java 15.0.2 on LTIN312525 with PID 10508 (C:\Users\2011289\eclipse-workspace\demo\demo\target\classes started by 2011289 in C:\Users\2011289\eclipse-workspace\demo\demo)
2021-06-24 14:40:55.756  INFO 10508 --- [main] com.example.demo.DemoApplication         : No active profile set, falling back to default profiles: default
2021-06-24 14:40:56.714  INFO 10508 --- [main] .s.d.r.c.RepositoryConfigurationDelegate : Bootstrapping Spring Data JPA repositories in DEFAULT mode.
2021-06-24 14:40:56.828  INFO 10508 --- [main] .s.d.r.c.RepositoryConfigurationDelegate : Finished Spring Data repository scanning in 98 ms. Found 3 JPA repository interfaces.
2021-06-24 14:40:58.509  INFO 10508 --- [main] o.s.b.w.embedded.tomcat.TomcatWebServer  : Tomcat initialized with port(s): 8082 (http)
2021-06-24 14:40:58.532  INFO 10508 --- [main] o.apache.catalina.core.StandardService   : Starting service [Tomcat]
2021-06-24 14:40:58.533  INFO 10508 --- [main] org.apache.catalina.core.StandardEngine  : Starting Servlet engine: [Apache Tomcat/9.0.46]
2021-06-24 14:40:58.748  INFO 10508 --- [main] o.a.c.c.C.[Tomcat].[localhost].[/]       : Initializing Spring embedded WebApplicationContext
2021-06-24 14:40:58.749  INFO 10508 --- [main] w.s.c.ServletWebServerApplicationContext : Root WebApplicationContext: initialization completed in 2884 ms
2021-06-24 14:40:58.940  INFO 10508 --- [main] com.zaxxer.hikari.HikariDataSource       : HikariPool-1 - Starting...
2021-06-24 14:40:59.558  INFO 10508 --- [main] com.zaxxer.hikari.HikariDataSource       : HikariPool-1 - Start completed.
2021-06-24 14:40:59.701  INFO 10508 --- [main] o.hibernate.jpa.internal.util.LogHelper  : HHH000204: Processing PersistenceUnitInfo [name: default]
2021-06-24 14:40:59.805  INFO 10508 --- [main] org.hibernate.Version                    : HHH000412: Hibernate ORM core version 5.4.32.Final
2021-06-24 14:41:00.094  INFO 10508 --- [main] o.hibernate.annotations.common.Version   : HCANN000001: Hibernate Commons Annotations {5.1.2.Final}
2021-06-24 14:41:00.324  INFO 10508 --- [main] org.hibernate.dialect.Dialect            : HHH000400: Using dialect: org.hibernate.dialect.MySQL5Dialect
2021-06-24 14:41:01.675  INFO 10508 --- [main] o.h.e.t.j.p.i.JtaPlatformInitiator       : HHH000490: Using JtaPlatform implementation: [org.hibernate.engine.transaction.jta.platform.internal.NoJtaPlatform]
2021-06-24 14:41:01.687  INFO 10508 --- [main] j.LocalContainerEntityManagerFactoryBean : Initialized JPA EntityManagerFactory for persistence unit 'default'
2021-06-24 14:41:02.741  WARN 10508 --- [main] JpaBaseConfiguration$JpaWebConfiguration : spring.jpa.open-in-view is enabled by default. Therefore, database queries may be performed during view rendering. Explicitly configure spring.jpa.open-in-view to disable this warning
2021-06-24 14:41:04.699  INFO 10508 --- [main] o.s.b.w.embedded.tomcat.TomcatWebServer  : Tomcat started on port(s): 8082 (http) with context path ''
2021-06-24 14:41:04.714  INFO 10508 --- [main] com.example.demo.DemoApplication         : Started DemoApplication in 9.674 seconds (JVM running for 10.453)
2021-06-24 14:43:14.671  INFO 10508 --- [http-nio-8082-exec-1] o.a.c.c.C.[Tomcat].[localhost].[/]       : Initializing Spring DispatcherServlet 'dispatcherServlet'
2021-06-24 14:43:14.672  INFO 10508 --- [http-nio-8082-exec-1] o.s.web.servlet.DispatcherServlet        : Initializing Servlet 'dispatcherServlet'
2021-06-24 14:43:14.674  INFO 10508 --- [http-nio-8082-exec-1] o.s.web.servlet.DispatcherServlet        : Completed initialization in 1 ms
2021-06-24 14:43:14.731  INFO 10508 --- [http-nio-8082-exec-1] tConfig$$EnhancerBySpringCGLIB$$838397ff : Request = Thilaga
2021-06-24 14:43:14.865  INFO 10508 --- [http-nio-8082-exec-1] tConfig$$EnhancerBySpringCGLIB$$838397ff : response = [StudentResponse(id=2, firstName=Thilaga, lastName=Ramar, email=Thilaga_ramar@gmail.com, street=fafulous Street, city=haryana, learningSubjects=[])]
2021-06-24 15:43:27.221  WARN 10508 --- [HikariPool-1 housekeeper] com.zaxxer.hikari.pool.HikariPool        : HikariPool-1 - Thread starvation or clock leap detected (housekeeper delta=48m57s535ms754µs600ns).
2021-06-24 16:08:01.991  WARN 10508 --- [HikariPool-1 housekeeper] com.zaxxer.hikari.pool.HikariPool        : HikariPool-1 - Thread starvation or clock leap detected (housekeeper delta=15m4s751ms47µs200ns).
2021-06-24 18:17:43.991  WARN 10508 --- [HikariPool-1 housekeeper] com.zaxxer.hikari.pool.HikariPool        : HikariPool-1 - Thread starvation or clock leap detected (housekeeper delta=24m11s910ms806µs400ns).
2021-06-24 19:42:07.410  WARN 10508 --- [HikariPool-1 housekeeper] com.zaxxer.hikari.pool.HikariPool        : HikariPool-1 - Thread starvation or clock leap detected (housekeeper delta=6m15s448ms197µs400ns).
2021-06-24 19:58:05.344  WARN 10508 --- [HikariPool-1 housekeeper] com.zaxxer.hikari.pool.HikariPool        : HikariPool-1 - Thread starvation or clock leap detected (housekeeper delta=9m57s917ms921µs700ns).
